https:///medicinedepartment.blogspot.com/
https:///medicinedepartment.blogspot.com/2016/
https:///medicinedepartment.blogspot.com/2016/11/
https:///medicinedepartment.blogspot.com/2016/12/
https:///medicinedepartment.blogspot.com/2018/
https:///medicinedepartment.blogspot.com/2018/01/
https:///medicinedepartment.blogspot.com/2018/11/
https:///medicinedepartment.blogspot.com/2019/
https:///medicinedepartment.blogspot.com/2019/01/
https:///medicinedepartment.blogspot.com/2019/02/
https:///medicinedepartment.blogspot.com/2020/
https:///medicinedepartment.blogspot.com/2020/01/
https:///medicinedepartment.blogspot.com/2020/02/
https:///medicinedepartment.blogspot.com/2020/05/
https:///medicinedepartment.blogspot.com/2020/06/
https:///medicinedepartment.blogspot.com/2020/07/
https:///medicinedepartment.blogspot.com/2020/08/
https:///medicinedepartment.blogspot.com/2020/09/
https:///medicinedepartment.blogspot.com/2020/10/
https:///medicinedepartment.blogspot.com/2020/11/
https:///medicinedepartment.blogspot.com/2020/12/
https:///medicinedepartment.blogspot.com/2021/
https:///medicinedepartment.blogspot.com/2021/01/
https:///medicinedepartment.blogspot.com/2021/02/
https:///medicinedepartment.blogspot.com/2021/03/
https:///medicinedepartment.blogspot.com/2021/04/
https:///medicinedepartment.blogspot.com/2021/05/
https:///medicinedepartment.blogspot.com/2021/06/
https:///medicinedepartment.blogspot.com/2021/07/
https:///medicinedepartment.blogspot.com/2021/08/
https:///medicinedepartment.blogspot.com/2021/09/
https:///medicinedepartment.blogspot.com/2021/10/
https:///medicinedepartment.blogspot.com/2021/11/
https:///medicinedepartment.blogspot.com/2021/12/
https:///medicinedepartment.blogspot.com/2022/
https:///medicinedepartment.blogspot.com/2022/01/
https:///medicinedepartment.blogspot.com/2022/02/
https:///medicinedepartment.blogspot.com/2022/03/
https:///medicinedepartment.blogspot.com/2022/04/
https:///medicinedepartment.blogspot.com/2022/05/
https:///medicinedepartment.blogspot.com/2022/06/
https:///medicinedepartment.blogspot.com/2022/07/
https:///medicinedepartment.blogspot.com/2022/08/
https:///medicinedepartment.blogspot.com/2022/09/
https:///medicinedepartment.blogspot.com/2022/10/
https:///medicinedepartment.blogspot.com/2022/11/
https:///medicinedepartment.blogspot.com/2022/12/
https:///medicinedepartment.blogspot.com/2022/12/bds-2019-batch-internal-assessment-and.html
https:///medicinedepartment.blogspot.com/2022/12/bds-2019-batch-internal-assessment-and.html#comment-form
https:///medicinedepartment.blogspot.com/2022/12/bds-2019-ii-internal-assessment.html
https:///medicinedepartment.blogspot.com/favicon.ico
https:///medicinedepartment.blogspot.com/feeds/posts/default
https:///medicinedepartment.blogspot.com/search
https:///medicinedepartment.blogspot.com/search?updated-max=2022-12-08T06:02:00-08:00&amp;max-results=7
https:///www.blogger.com/navbar.g?targetBlogID\x3d8488396154982012215\x26blogName\x3dMedicine+Department+\x26publishMode\x3dPUBLISH_MODE_BLOGSPOT\x26navbarType\x3dLIGHT\x26layoutType\x3dLAYOUTS\x26searchRoot\x3dhttps://medicinedepartment.blogspot.com/search\x26blogLocale\x3den\x26v\x3d2\x26homepageUrl\x3dhttps://medicinedepartment.blogspot.com/\x26vt\x3d6997009716488376168
https://judeclinton80.blogspot.com 
https://harshinidasari1.blogspot.com
https://Sainathgurrala.blogspot.com
https://sushmitaaakaram03.blogspot.com/
https://adarshanarayana04.blogspot.com/
https://akankshasingh16.blogspot.com/2022/
https://maheshakula06.blogspot.com/2022/
https://alekyaemmadi.blogspot.com/?m=1
https://varshhareddy.blogspot.com/2022/11/
https://alugurisadika.blogspot.com/2022/
https://navyaannamaneni09.blogspot.com/
https://sushmaannarapu.blogspot.com
https://minhajateeba13.blogspot.com/
https://sphoorthi19.blogspot.com
https://httpsshivaniballepu.blogspot.com/
https://mounika16.blogspot.com/
https://generalmedicine22.blogspot.com/
https://bollusreechandana.blogspot.com/
https://httpskusumaharika.blogspot.com/
https://nitishadeekshitulu.blogspot.com/
https://pranathichiliveri.blogspot.com/
https://dachepallivaishnavi.blogspot.com/
https://
https://diguvavyshnavi.blogspot.com/2022/
https://sangeethareddy271.blogspot.com/
https://
https://saisowmith27.blogspot.com/?m=1
https://tejaswigundagani.blogspot.com/
https://
https://roopkala1992009.blogspot.com/2022/
https://Jakkojubhavani999.blogspot.com
https://ruthvikjambula.blogspot.com/2022/
https://josephineviolet35.blogspot.com/
https://mythrikalakonda40.blogspot.com/
https://bhavani37.blogspot.com
https://thanvisreekanduri.blogspot.com
https://saishashank37.blogspot.com/
https://tabassum40.blogspot.com/
https://httpssamyuktha.blogspot.com/2022/
https://koretejaswi42.blogspot.com/
https://28feb2022.blogspot.com/
https://mamtaagrawal44.blogspot.com/2022/
https://httpsashwini.blogspot.com/
https://manishachandika46.blogspot.com/
https://meghadandge2001.blogspot.com/
https://bhavanareddyno48.blogspot.com/
https://niharikagifty555.blogspot.com
https://adnanarafath.blogspot.com/2022/04/
https://deepikamunnelli.blogspot.com/2022/
https://amulyamuthyala.blogspot.com/?m=1
https://tejaswinadella.blogspot.com/2022/
https://54geetha.blogspot.com/2022/11/
https://nehatanyeem.blogspot.com/
https://pranavkumar2022.blogspot.com/2022/
https://nimratabassum.blogspot.com
https://harikrishna58.blogspot.com/2022/
https://ramyapotha7777.blogspot.com/
https://httpspujadurga.blogspot.com/2022/
https://mahithasharma.blogspot.com/2022/
https://renavarsha.blogspot.com/2022/11/
https://awalaruchitha.blogspot.com/2022/
https://amulyaseedarla64.blogspot.com/
https://
https://saiprasanna66.blogspot.com/2022/
https://kimsgm1027.blogspot.com/
https://maheen01.blogspot.com/2022/11/60-
https://rishitha69.blogspot.com/2022/10/
https://snehadodiya.blogspot.com/2022/10/
https://surashravya.blogspot.com/
https://www.blogger.com/blog/post/edit/
https://syedjunaid4195.blogspot.com/2022/
https://afifablog1.blogspot.com/2022/11/
https://75nandini.blogspot.com/2022/11/
https://https76vasavi.blogspot.com/
https://adityarollno75.blogspot.com/?m=1
https://78srimukhi.blogspot.com/?m=1
